<?xml version="1.0" encoding="UTF-8"?>
<!-- Generated by org.testng.reporters.JUnitReportReporter -->
<testsuite hostname="DESKTOP-7S7LCUO" failures="0" tests="2" name="underStandingTestNG.BasicAnon" time="0.030" errors="0" timestamp="2025-05-12T20:46:01 IST" skipped="0">
  <testcase classname="underStandingTestNG.BasicAnon" name="myTest1" time="0.025"/>
  <testcase classname="underStandingTestNG.BasicAnon" name="myTest2" time="0.005"/>
</testsuite> <!-- underStandingTestNG.BasicAnon -->
