<?xml version="1.0" encoding="UTF-8"?>
<!-- Generated by org.testng.reporters.JUnitReportReporter -->
<testsuite hostname="DESKTOP-7S7LCUO" failures="0" tests="1" name="underStandingTestNG.Otherannonations" time="0.049" errors="0" timestamp="2025-05-12T20:59:26 IST" skipped="0">
  <testcase classname="underStandingTestNG.Otherannonations" name="test2" time="0.049"/>
</testsuite> <!-- underStandingTestNG.Otherannonations -->
