<?xml version="1.0" encoding="UTF-8"?>
<!-- Generated by org.testng.reporters.JUnitReportReporter -->
<testsuite hostname="DESKTOP-7S7LCUO" failures="0" tests="1" name="authentication.Authentication" time="4.823" errors="0" timestamp="2025-05-16T20:48:28 IST" skipped="0">
  <testcase classname="authentication.Authentication" name="bearerToken" time="4.823"/>
</testsuite> <!-- authentication.Authentication -->
