<?xml version="1.0" encoding="UTF-8"?>
<!-- Generated by org.testng.reporters.JUnitReportReporter -->
<testsuite hostname="DESKTOP-7S7LCUO" failures="0" tests="1" name="dealingWithHeadersAndCookies.DealingWithHeaders" time="9.626" errors="0" timestamp="2025-05-15T20:26:29 IST" skipped="0">
  <testcase classname="dealingWithHeadersAndCookies.DealingWithHeaders" name="dealWithHeaders" time="9.626"/>
</testsuite> <!-- dealingWithHeadersAndCookies.DealingWithHeaders -->
