<?xml version="1.0" encoding="UTF-8"?>
<!-- Generated by org.testng.reporters.JUnitReportReporter -->
<testsuite hostname="DESKTOP-7S7LCUO" failures="0" tests="1" name="dealingWithHeadersAndCookies.DealingWithCookies" time="5.254" errors="0" timestamp="2025-05-15T20:38:09 IST" skipped="0">
  <testcase classname="dealingWithHeadersAndCookies.DealingWithCookies" name="specificCookie" time="5.254"/>
</testsuite> <!-- dealingWithHeadersAndCookies.DealingWithCookies -->
