<?xml version="1.0" encoding="UTF-8"?>
<!-- Generated by org.testng.reporters.JUnitReportReporter -->
<testsuite hostname="DESKTOP-7S7LCUO" failures="0" tests="1" name="apiChaining.ApiChainingConcept" time="9.890" errors="0" timestamp="2025-05-17T20:52:22 IST" skipped="0">
  <testcase classname="apiChaining.ApiChainingConcept" name="createUser" time="9.890"/>
</testsuite> <!-- apiChaining.ApiChainingConcept -->
