<?xml version="1.0" encoding="UTF-8"?>
<!-- Generated by org.testng.reporters.JUnitReportReporter -->
<testsuite hostname="DESKTOP-7S7LCUO" failures="0" tests="1" name="basicRequests.HttMethods" time="6.005" errors="0" timestamp="2025-05-13T20:48:16 IST" skipped="0">
  <testcase classname="basicRequests.HttMethods" name="updateNameOnly" time="6.005"/>
</testsuite> <!-- basicRequests.HttMethods -->
