<?xml version="1.0" encoding="UTF-8"?>
<!-- Generated by org.testng.reporters.JUnitReportReporter -->
<testsuite hostname="DESKTOP-7S7LCUO" failures="0" tests="1" name="apiChaining.DeleteAUser" time="0.488" errors="0" timestamp="2025-05-19T20:25:11 IST" skipped="0">
  <testcase classname="apiChaining.DeleteAUser" name="deleteUser" time="0.488"/>
</testsuite> <!-- apiChaining.DeleteAUser -->
