<?xml version="1.0" encoding="UTF-8"?>
<!-- Generated by org.testng.reporters.JUnitReportReporter -->
<testsuite hostname="DESKTOP-7S7LCUO" failures="0" tests="3" name="underStandingTestNG.Otherannonations" time="0.032" errors="0" timestamp="2025-05-12T20:46:01 IST" skipped="0">
  <testcase classname="underStandingTestNG.Otherannonations" name="test1" time="0.011"/>
  <testcase classname="underStandingTestNG.Otherannonations" name="test2" time="0.011"/>
  <testcase classname="underStandingTestNG.Otherannonations" name="test3" time="0.010"/>
</testsuite> <!-- underStandingTestNG.Otherannonations -->
