<?xml version="1.0" encoding="UTF-8"?>
<!-- Generated by org.testng.reporters.JUnitReportReporter -->
<testsuite hostname="DESKTOP-7S7LCUO" failures="0" tests="1" name="test.UserTest" time="6.073" errors="0" timestamp="2025-05-20T20:14:10 IST" skipped="0">
  <testcase classname="test.UserTest" name="userTest" time="6.073"/>
</testsuite> <!-- test.UserTest -->
