<?xml version="1.0" encoding="UTF-8"?>
<!-- Generated by org.testng.reporters.JUnitReportReporter -->
<testsuite hostname="DESKTOP-7S7LCUO" failures="0" tests="3" name="apiChaining.MyApi" time="5.740" errors="0" timestamp="2025-05-19T20:44:13 IST" skipped="0">
  <testcase classname="apiChaining.MyApi" name="readASpecificUser" time="0.128"/>
  <testcase classname="apiChaining.MyApi" name="creatAuser" time="5.432"/>
  <testcase classname="apiChaining.MyApi" name="getStudent" time="0.180"/>
</testsuite> <!-- apiChaining.MyApi -->
