<?xml version="1.0" encoding="UTF-8"?>
<!-- Generated by org.testng.reporters.JUnitReportReporter -->
<testsuite hostname="DESKTOP-7S7LCUO" failures="0" tests="1" name="fakerlib.DummyData" time="1.025" errors="0" timestamp="2025-05-17T20:33:19 IST" skipped="0">
  <testcase classname="fakerlib.DummyData" name="generateFakeData" time="1.025"/>
</testsuite> <!-- fakerlib.DummyData -->
