<?xml version="1.0" encoding="UTF-8"?>
<!-- Generated by org.testng.reporters.JUnitReportReporter -->
<testsuite hostname="DESKTOP-7S7LCUO" failures="0" tests="1" name="validateScema.ValidateJsonSchema1" time="6.386" errors="0" timestamp="2025-05-17T20:23:48 IST" skipped="0">
  <testcase classname="validateScema.ValidateJsonSchema1" name="validateJsonSchema" time="6.386"/>
</testsuite> <!-- validateScema.ValidateJsonSchema1 -->
