<?xml version="1.0" encoding="UTF-8"?>
<!-- Generated by org.testng.reporters.JUnitReportReporter -->
<testsuite hostname="DESKTOP-7S7LCUO" failures="0" tests="1" name="validation.ValidataionWithInTime" time="6.537" errors="0" timestamp="2025-05-14T20:53:48 IST" skipped="0">
  <testcase classname="validation.ValidataionWithInTime" name="updateStudentValidatiaonBody" time="6.537"/>
</testsuite> <!-- validation.ValidataionWithInTime -->
