<?xml version="1.0" encoding="UTF-8"?>
<!-- Generated by org.testng.reporters.JUnitReportReporter -->
<testsuite hostname="DESKTOP-7S7LCUO" failures="1" tests="1" name="validation.ValidationWithHeader" time="6.348" errors="0" timestamp="2025-05-14T20:44:24 IST" skipped="0">
  <testcase classname="validation.ValidationWithHeader" name="validataionHeader" time="6.348">
    <failure message="1 expectation failed.
Expected header &quot;Content-Type&quot; was not &quot;application/javscript; charset=utf-8&quot;, was &quot;application/json; charset=utf-8&quot;. Headers are:
Date=Wed, 14 May 2025 15:14:23 GMT
Content-Type=application/json; charset=utf-8
Transfer-Encoding=chunked
Connection=keep-alive
Cf-Ray=93fb5850edb93c28-BOM
Server=cloudflare
Content-Encoding=gzip
Report-To={&quot;group&quot;:&quot;heroku-nel&quot;,&quot;max_age&quot;:3600,&quot;endpoints&quot;:[{&quot;url&quot;:&quot;https://nel.heroku.com/reports?ts=1747235663&amp;sid=c4c9725f-1ab0-44d8-820f-430df2718e11&amp;s=a90%2FMC%2ByTmg9cED39jIseUjhKLed%2BDyNd32eraH2Uco%3D&quot;}]}
Reporting-Endpoints=heroku-nel=https://nel.heroku.com/reports?ts=1747235663&amp;sid=c4c9725f-1ab0-44d8-820f-430df2718e11&amp;s=a90%2FMC%2ByTmg9cED39jIseUjhKLed%2BDyNd32eraH2Uco%3D
Nel={&quot;report_to&quot;:&quot;heroku-nel&quot;,&quot;max_age&quot;:3600,&quot;success_fraction&quot;:0.005,&quot;failure_fraction&quot;:0.05,&quot;response_headers&quot;:[&quot;Via&quot;]}
X-Powered-By=Express
Access-Control-Allow-Origin=*
Ratelimit-Policy=100;w=60
Ratelimit-Limit=100
Ratelimit-Remaining=96
Ratelimit-Reset=30
Etag=W/&quot;45-fLFDezgxCx2DqqcHkzzCBWfqPFE&quot;
Via=1.1 vegur
Cf-Cache-Status=DYNAMIC
Vary=Accept-Encoding
server-timing=cfL4;desc=&quot;?proto=TCP&amp;rtt=19635&amp;min_rtt=19580&amp;rtt_var=7453&amp;sent=7&amp;recv=7&amp;lost=0&amp;retrans=0&amp;sent_bytes=3110&amp;recv_bytes=851&amp;delivery_rate=215730&amp;cwnd=252&amp;unsent_bytes=0&amp;cid=200ad9acecbfee52&amp;ts=652&amp;x=0&quot;
" type="java.lang.AssertionError">
      <![CDATA[java.lang.AssertionError: 1 expectation failed.
Expected header "Content-Type" was not "application/javscript; charset=utf-8", was "application/json; charset=utf-8". Headers are:
Date=Wed, 14 May 2025 15:14:23 GMT
Content-Type=application/json; charset=utf-8
Transfer-Encoding=chunked
Connection=keep-alive
Cf-Ray=93fb5850edb93c28-BOM
Server=cloudflare
Content-Encoding=gzip
Report-To={"group":"heroku-nel","max_age":3600,"endpoints":[{"url":"https://nel.heroku.com/reports?ts=1747235663&sid=c4c9725f-1ab0-44d8-820f-430df2718e11&s=a90%2FMC%2ByTmg9cED39jIseUjhKLed%2BDyNd32eraH2Uco%3D"}]}
Reporting-Endpoints=heroku-nel=https://nel.heroku.com/reports?ts=1747235663&sid=c4c9725f-1ab0-44d8-820f-430df2718e11&s=a90%2FMC%2ByTmg9cED39jIseUjhKLed%2BDyNd32eraH2Uco%3D
Nel={"report_to":"heroku-nel","max_age":3600,"success_fraction":0.005,"failure_fraction":0.05,"response_headers":["Via"]}
X-Powered-By=Express
Access-Control-Allow-Origin=*
Ratelimit-Policy=100;w=60
Ratelimit-Limit=100
Ratelimit-Remaining=96
Ratelimit-Reset=30
Etag=W/"45-fLFDezgxCx2DqqcHkzzCBWfqPFE"
Via=1.1 vegur
Cf-Cache-Status=DYNAMIC
Vary=Accept-Encoding
server-timing=cfL4;desc="?proto=TCP&rtt=19635&min_rtt=19580&rtt_var=7453&sent=7&recv=7&lost=0&retrans=0&sent_bytes=3110&recv_bytes=851&delivery_rate=215730&cwnd=252&unsent_bytes=0&cid=200ad9acecbfee52&ts=652&x=0"

at java.base/jdk.internal.reflect.DirectConstructorHandleAccessor.newInstance(DirectConstructorHandleAccessor.java:62)
at java.base/java.lang.reflect.Constructor.newInstanceWithCaller(Constructor.java:502)
at java.base/java.lang.reflect.Constructor.newInstance(Constructor.java:486)
at org.codehaus.groovy.reflection.CachedConstructor.invoke(CachedConstructor.java:73)
at org.codehaus.groovy.runtime.callsite.ConstructorSite$ConstructorSiteNoUnwrapNoCoerce.callConstructor(ConstructorSite.java:108)
at org.codehaus.groovy.runtime.callsite.CallSiteArray.defaultCallConstructor(CallSiteArray.java:57)
at org.codehaus.groovy.runtime.callsite.AbstractCallSite.callConstructor(AbstractCallSite.java:263)
at org.codehaus.groovy.runtime.callsite.AbstractCallSite.callConstructor(AbstractCallSite.java:277)
at io.restassured.internal.ResponseSpecificationImpl$HamcrestAssertionClosure.validate(ResponseSpecificationImpl.groovy:512)
at io.restassured.internal.ResponseSpecificationImpl$HamcrestAssertionClosure$validate$1.call(Unknown Source)
at org.codehaus.groovy.runtime.callsite.CallSiteArray.defaultCall(CallSiteArray.java:45)
at org.codehaus.groovy.runtime.callsite.AbstractCallSite.call(AbstractCallSite.java:125)
at org.codehaus.groovy.runtime.callsite.AbstractCallSite.call(AbstractCallSite.java:139)
at io.restassured.internal.ResponseSpecificationImpl.validateResponseIfRequired(ResponseSpecificationImpl.groovy:696)
at io.restassured.internal.ResponseSpecificationImpl.this$2$validateResponseIfRequired(ResponseSpecificationImpl.groovy)
at java.base/jdk.internal.reflect.DirectMethodHandleAccessor.invoke(DirectMethodHandleAccessor.java:103)
at java.base/java.lang.reflect.Method.invoke(Method.java:580)
at org.codehaus.groovy.runtime.callsite.PlainObjectMetaMethodSite.doInvoke(PlainObjectMetaMethodSite.java:43)
at org.codehaus.groovy.runtime.callsite.PogoMetaMethodSite$PogoCachedMethodSiteNoUnwrapNoCoerce.invoke(PogoMetaMethodSite.java:198)
at org.codehaus.groovy.runtime.callsite.PogoMetaMethodSite.callCurrent(PogoMetaMethodSite.java:62)
at org.codehaus.groovy.runtime.callsite.CallSiteArray.defaultCallCurrent(CallSiteArray.java:49)
at org.codehaus.groovy.runtime.callsite.AbstractCallSite.callCurrent(AbstractCallSite.java:171)
at org.codehaus.groovy.runtime.callsite.AbstractCallSite.callCurrent(AbstractCallSite.java:185)
at io.restassured.internal.ResponseSpecificationImpl.header(ResponseSpecificationImpl.groovy:191)
at io.restassured.specification.ResponseSpecification$header$0.callCurrent(Unknown Source)
at org.codehaus.groovy.runtime.callsite.CallSiteArray.defaultCallCurrent(CallSiteArray.java:49)
at org.codehaus.groovy.runtime.callsite.AbstractCallSite.callCurrent(AbstractCallSite.java:171)
at org.codehaus.groovy.runtime.callsite.AbstractCallSite.callCurrent(AbstractCallSite.java:194)
at io.restassured.internal.ResponseSpecificationImpl.header(ResponseSpecificationImpl.groovy:198)
at io.restassured.internal.ValidatableResponseOptionsImpl.header(ValidatableResponseOptionsImpl.java:124)
at validation.ValidationWithHeader.validataionHeader(ValidationWithHeader.java:30)
at java.base/jdk.internal.reflect.DirectMethodHandleAccessor.invoke(DirectMethodHandleAccessor.java:103)
at java.base/java.lang.reflect.Method.invoke(Method.java:580)
at org.testng.internal.invokers.MethodInvocationHelper.invokeMethod(MethodInvocationHelper.java:139)
at org.testng.internal.invokers.TestInvoker.invokeMethod(TestInvoker.java:664)
at org.testng.internal.invokers.TestInvoker.invokeTestMethod(TestInvoker.java:227)
at org.testng.internal.invokers.MethodRunner.runInSequence(MethodRunner.java:50)
at org.testng.internal.invokers.TestInvoker$MethodInvocationAgent.invoke(TestInvoker.java:957)
at org.testng.internal.invokers.TestInvoker.invokeTestMethods(TestInvoker.java:200)
at org.testng.internal.invokers.TestMethodWorker.invokeTestMethods(TestMethodWorker.java:148)
at org.testng.internal.invokers.TestMethodWorker.run(TestMethodWorker.java:128)
at java.base/java.util.ArrayList.forEach(ArrayList.java:1596)
at org.testng.TestRunner.privateRun(TestRunner.java:848)
at org.testng.TestRunner.run(TestRunner.java:621)
at org.testng.SuiteRunner.runTest(SuiteRunner.java:443)
at org.testng.SuiteRunner.runSequentially(SuiteRunner.java:437)
at org.testng.SuiteRunner.privateRun(SuiteRunner.java:397)
at org.testng.SuiteRunner.run(SuiteRunner.java:336)
at org.testng.SuiteRunnerWorker.runSuite(SuiteRunnerWorker.java:52)
at org.testng.SuiteRunnerWorker.run(SuiteRunnerWorker.java:95)
at org.testng.TestNG.runSuitesSequentially(TestNG.java:1280)
at org.testng.TestNG.runSuitesLocally(TestNG.java:1200)
at org.testng.TestNG.runSuites(TestNG.java:1114)
at org.testng.TestNG.run(TestNG.java:1082)
at org.testng.remote.AbstractRemoteTestNG.run(AbstractRemoteTestNG.java:115)
at org.testng.remote.RemoteTestNG.initAndRun(RemoteTestNG.java:293)
at org.testng.remote.RemoteTestNG.main(RemoteTestNG.java:91)
]]>
    </failure>
  </testcase> <!-- validataionHeader -->
</testsuite> <!-- validation.ValidationWithHeader -->
