<?xml version="1.0" encoding="UTF-8"?>
<!-- Generated by org.testng.reporters.JUnitReportReporter -->
<testsuite hostname="DESKTOP-7S7LCUO" failures="0" tests="1" name="parsing.UnderstandingJsonObject" time="4.950" errors="0" timestamp="2025-05-16T20:37:09 IST" skipped="0">
  <testcase classname="parsing.UnderstandingJsonObject" name="parsingUsingJsonObject" time="4.950"/>
</testsuite> <!-- parsing.UnderstandingJsonObject -->
