<?xml version="1.0" encoding="UTF-8"?>
<!-- Generated by org.testng.reporters.JUnitReportReporter -->
<testsuite hostname="DESKTOP-7S7LCUO" failures="0" tests="1" name="fakerlib.RequestiWithFakerLib" time="8.154" errors="0" timestamp="2025-05-17T20:47:02 IST" skipped="0">
  <testcase classname="fakerlib.RequestiWithFakerLib" name="test1" time="8.154"/>
</testsuite> <!-- fakerlib.RequestiWithFakerLib -->
