<?xml version="1.0" encoding="UTF-8"?>
<!-- Generated by org.testng.reporters.JUnitReportReporter -->
<testsuite hostname="DESKTOP-7S7LCUO" failures="0" tests="1" name="demoRestAssured.Demo1" time="0.025" errors="0" timestamp="2025-05-12T20:54:05 IST" skipped="0">
  <testcase classname="demoRestAssured.Demo1" name="test1" time="0.025"/>
</testsuite> <!-- demoRestAssured.Demo1 -->
