<?xml version="1.0" encoding="UTF-8"?>
<!-- Generated by org.testng.reporters.JUnitReportReporter -->
<testsuite hostname="DESKTOP-7S7LCUO" failures="0" tests="1" name="payload.PayloadFromJsonFile" time="6.143" errors="0" timestamp="2025-05-14T20:30:48 IST" skipped="0">
  <testcase classname="payload.PayloadFromJsonFile" name="createStudent" time="6.143"/>
</testsuite> <!-- payload.PayloadFromJsonFile -->
