<?xml version="1.0" encoding="UTF-8"?>
<!-- Generated by org.testng.reporters.JUnitReportReporter -->
<testsuite hostname="DESKTOP-7S7LCUO" failures="0" tests="1" name="multipleValidations.AllValidations" time="7.501" errors="0" timestamp="2025-05-15T20:12:24 IST" skipped="0">
  <testcase classname="multipleValidations.AllValidations" name="allValidationInOnRequestin" time="7.501"/>
</testsuite> <!-- multipleValidations.AllValidations -->
