<?xml version="1.0" encoding="UTF-8"?>
<!-- Generated by org.testng.reporters.JUnitReportReporter -->
<testsuite hostname="DESKTOP-7S7LCUO" failures="0" tests="1" name="validation.ValidataionBodyJso" time="11.426" errors="0" timestamp="2025-05-14T20:57:59 IST" skipped="0">
  <testcase classname="validation.ValidataionBodyJso" name="getStudents" time="11.426"/>
</testsuite> <!-- validation.ValidataionBodyJso -->
