<?xml version="1.0" encoding="UTF-8"?>
<!-- Generated by org.testng.reporters.JUnitReportReporter -->
<testsuite hostname="DESKTOP-7S7LCUO" failures="0" tests="2" name="underStandingTestNG.Tests1" time="0.010" errors="0" timestamp="2025-05-12T20:46:01 IST" skipped="0">
  <testcase classname="underStandingTestNG.Tests1" name="testxyz" time="0.005"/>
  <testcase classname="underStandingTestNG.Tests1" name="testabc" time="0.005"/>
</testsuite> <!-- underStandingTestNG.Tests1 -->
