<?xml version="1.0" encoding="UTF-8"?>
<!-- Generated by org.testng.reporters.JUnitReportReporter -->
<testsuite hostname="DESKTOP-7S7LCUO" failures="0" tests="1" name="apiChaining.ApiChainingConcept" time="5.049" errors="0" timestamp="2025-05-19T20:41:06 IST" skipped="0">
  <testcase classname="apiChaining.ApiChainingConcept" name="deleteUser" time="5.049"/>
</testsuite> <!-- apiChaining.ApiChainingConcept -->
