<?xml version="1.0" encoding="UTF-8"?>
<!-- Generated by org.testng.reporters.JUnitReportReporter -->
<testsuite hostname="DESKTOP-7S7LCUO" failures="0" tests="1" name="pathParamAndQueryParam.PathParam" time="7.600" errors="0" timestamp="2025-05-15T20:44:51 IST" skipped="0">
  <testcase classname="pathParamAndQueryParam.PathParam" name="pathParam" time="7.600"/>
</testsuite> <!-- pathParamAndQueryParam.PathParam -->
