<?xml version="1.0" encoding="UTF-8"?>
<!-- Generated by org.testng.reporters.JUnitReportReporter -->
<testsuite hostname="DESKTOP-7S7LCUO" failures="0" tests="1" name="pathParamAndQueryParam.QueryParam" time="5.984" errors="0" timestamp="2025-05-15T20:51:32 IST" skipped="0">
  <testcase classname="pathParamAndQueryParam.QueryParam" name="dealingWithQueryParam" time="5.984"/>
</testsuite> <!-- pathParamAndQueryParam.QueryParam -->
