<?xml version="1.0" encoding="UTF-8"?>
<!-- Generated by org.testng.reporters.JUnitReportReporter -->
<testsuite hostname="DESKTOP-7S7LCUO" failures="0" tests="1" name="payload.POJOclass" time="7.866" errors="0" timestamp="2025-05-14T20:21:09 IST" skipped="0">
  <testcase classname="payload.POJOclass" name="addStudent" time="7.866"/>
</testsuite> <!-- payload.POJOclass -->
