<?xml version="1.0" encoding="UTF-8"?>
<!-- Generated by org.testng.reporters.JUnitReportReporter -->
<testsuite hostname="DESKTOP-7S7LCUO" failures="0" tests="1" name="apiChaining.ReadUser" time="5.217" errors="0" timestamp="2025-05-19T20:25:11 IST" skipped="0">
  <testcase classname="apiChaining.ReadUser" name="readUser" time="5.217"/>
</testsuite> <!-- apiChaining.ReadUser -->
