<?xml version="1.0" encoding="UTF-8"?>
<!-- Generated by org.testng.reporters.JUnitReportReporter -->
<testsuite hostname="DESKTOP-7S7LCUO" failures="0" tests="1" name="basicRequests.HttMethods" time="8.293" errors="0" timestamp="2025-05-14T20:55:51 IST" skipped="0">
  <testcase classname="basicRequests.HttMethods" name="createUser" time="8.293"/>
</testsuite> <!-- basicRequests.HttMethods -->
